C:\Program Files (x86)\MSBuild\Microsoft.Cpp\v4.0\V140\Microsoft.CppBuild.targets(392,5): warning MSB8028: The intermediate directory (Debug\) contains files shared from another project (SDL_Tutorial.vcxproj).  This can lead to incorrect clean and rebuild behavior.
  TextureManager.cpp
  SpriteComponent.cpp
e:\hitmegameengine\gameengine\spritecomponent.cpp(38): warning C4244: '=': conversion from 'float32' to 'int', possible loss of data
e:\hitmegameengine\gameengine\spritecomponent.cpp(39): warning C4244: '=': conversion from 'float32' to 'int', possible loss of data
  SpawnManager.cpp
  PlayState.cpp
e:\hitmegameengine\gameengine\playstate.cpp(129): warning C4018: '>': signed/unsigned mismatch
e:\hitmegameengine\gameengine\playstate.cpp(144): warning C4018: '<': signed/unsigned mismatch
  Player.cpp
  PhysicsComponent.cpp
e:\hitmegameengine\gameengine\physicscomponent.cpp(37): warning C4244: '=': conversion from 'int' to 'float', possible loss of data
e:\hitmegameengine\gameengine\physicscomponent.cpp(38): warning C4244: '=': conversion from 'int' to 'float', possible loss of data
e:\hitmegameengine\gameengine\physicscomponent.cpp(39): warning C4244: '=': conversion from 'double' to 'float', possible loss of data
e:\hitmegameengine\gameengine\physicscomponent.cpp(40): warning C4244: '=': conversion from 'double' to 'float', possible loss of data
  PacMan.cpp
e:\hitmegameengine\gameengine\pacman.cpp(78): warning C4244: '=': conversion from 'float' to 'int', possible loss of data
e:\hitmegameengine\gameengine\pacman.cpp(83): warning C4244: 'argument': conversion from 'time_t' to 'unsigned int', possible loss of data
e:\hitmegameengine\gameengine\pacman.cpp(149): warning C4244: '=': conversion from 'float32' to 'int', possible loss of data
e:\hitmegameengine\gameengine\pacman.cpp(150): warning C4244: '=': conversion from 'float32' to 'int', possible loss of data
e:\hitmegameengine\gameengine\pacman.cpp(233): warning C4244: '=': conversion from 'float32' to 'int', possible loss of data
e:\hitmegameengine\gameengine\pacman.cpp(234): warning C4244: 'return': conversion from 'int' to 'float', possible loss of data
e:\hitmegameengine\gameengine\pacman.cpp(240): warning C4244: '=': conversion from 'float32' to 'int', possible loss of data
e:\hitmegameengine\gameengine\pacman.cpp(241): warning C4244: 'return': conversion from 'int' to 'float', possible loss of data
  OutDoor.cpp
  MenuState.cpp
e:\hitmegameengine\gameengine\menustate.cpp(60): warning C4244: 'initializing': conversion from 'int' to 'float', possible loss of data
e:\hitmegameengine\gameengine\menustate.cpp(61): warning C4244: 'initializing': conversion from 'int' to 'float', possible loss of data
  main.cpp
e:\hitmegameengine\gameengine\main.cpp(7): warning C4244: 'argument': conversion from 'time_t' to 'unsigned int', possible loss of data
  LabelComponent.cpp
  IntroState.cpp
  InputManager.cpp
  GroundObjects.cpp
  GlobalDeclarations.cpp
  GameStateManager.cpp
  GameOverState.cpp
  GameObject.cpp
  Diamond.cpp
e:\hitmegameengine\gameengine\diamond.cpp(71): warning C4244: '=': conversion from 'float32' to 'int', possible loss of data
e:\hitmegameengine\gameengine\diamond.cpp(72): warning C4244: '=': conversion from 'float32' to 'int', possible loss of data
  Component.cpp
  Generating Code...
  Compiling...
  CollisionListener.cpp
  Bullet.cpp
e:\hitmegameengine\gameengine\bullet.cpp(43): warning C4244: 'initializing': conversion from 'double' to 'float', possible loss of data
e:\hitmegameengine\gameengine\bullet.cpp(44): warning C4244: 'initializing': conversion from 'double' to 'float', possible loss of data
e:\hitmegameengine\gameengine\bullet.cpp(112): warning C4244: 'initializing': conversion from 'float32' to 'int', possible loss of data
e:\hitmegameengine\gameengine\bullet.cpp(113): warning C4244: 'initializing': conversion from 'float32' to 'int', possible loss of data
  BroadCaster.cpp
e:\hitmegameengine\gameengine\broadcaster.cpp(55): warning C4018: '<': signed/unsigned mismatch
e:\hitmegameengine\gameengine\broadcaster.cpp(82): warning C4018: '<': signed/unsigned mismatch
  Generating Code...
Box2D.lib(b2ChainShape.obj) : warning LNK4099: PDB 'Box2D.pdb' was not found with 'Box2D.lib(b2ChainShape.obj)' or at 'E:\HitMeGameEngine\GameEngine\Debug\Box2D.pdb'; linking object as if no debug info
Box2D.lib(b2EdgeShape.obj) : warning LNK4099: PDB 'Box2D.pdb' was not found with 'Box2D.lib(b2EdgeShape.obj)' or at 'E:\HitMeGameEngine\GameEngine\Debug\Box2D.pdb'; linking object as if no debug info
Box2D.lib(b2PolygonShape.obj) : warning LNK4099: PDB 'Box2D.pdb' was not found with 'Box2D.lib(b2PolygonShape.obj)' or at 'E:\HitMeGameEngine\GameEngine\Debug\Box2D.pdb'; linking object as if no debug info
Box2D.lib(b2BroadPhase.obj) : warning LNK4099: PDB 'Box2D.pdb' was not found with 'Box2D.lib(b2BroadPhase.obj)' or at 'E:\HitMeGameEngine\GameEngine\Debug\Box2D.pdb'; linking object as if no debug info
Box2D.lib(b2CollideCircle.obj) : warning LNK4099: PDB 'Box2D.pdb' was not found with 'Box2D.lib(b2CollideCircle.obj)' or at 'E:\HitMeGameEngine\GameEngine\Debug\Box2D.pdb'; linking object as if no debug info
Box2D.lib(b2CollideEdge.obj) : warning LNK4099: PDB 'Box2D.pdb' was not found with 'Box2D.lib(b2CollideEdge.obj)' or at 'E:\HitMeGameEngine\GameEngine\Debug\Box2D.pdb'; linking object as if no debug info
Box2D.lib(b2CollidePolygon.obj) : warning LNK4099: PDB 'Box2D.pdb' was not found with 'Box2D.lib(b2CollidePolygon.obj)' or at 'E:\HitMeGameEngine\GameEngine\Debug\Box2D.pdb'; linking object as if no debug info
Box2D.lib(b2Collision.obj) : warning LNK4099: PDB 'Box2D.pdb' was not found with 'Box2D.lib(b2Collision.obj)' or at 'E:\HitMeGameEngine\GameEngine\Debug\Box2D.pdb'; linking object as if no debug info
Box2D.lib(b2Distance.obj) : warning LNK4099: PDB 'Box2D.pdb' was not found with 'Box2D.lib(b2Distance.obj)' or at 'E:\HitMeGameEngine\GameEngine\Debug\Box2D.pdb'; linking object as if no debug info
Box2D.lib(b2DynamicTree.obj) : warning LNK4099: PDB 'Box2D.pdb' was not found with 'Box2D.lib(b2DynamicTree.obj)' or at 'E:\HitMeGameEngine\GameEngine\Debug\Box2D.pdb'; linking object as if no debug info
Box2D.lib(b2TimeOfImpact.obj) : warning LNK4099: PDB 'Box2D.pdb' was not found with 'Box2D.lib(b2TimeOfImpact.obj)' or at 'E:\HitMeGameEngine\GameEngine\Debug\Box2D.pdb'; linking object as if no debug info
Box2D.lib(b2BlockAllocator.obj) : warning LNK4099: PDB 'Box2D.pdb' was not found with 'Box2D.lib(b2BlockAllocator.obj)' or at 'E:\HitMeGameEngine\GameEngine\Debug\Box2D.pdb'; linking object as if no debug info
Box2D.lib(b2Draw.obj) : warning LNK4099: PDB 'Box2D.pdb' was not found with 'Box2D.lib(b2Draw.obj)' or at 'E:\HitMeGameEngine\GameEngine\Debug\Box2D.pdb'; linking object as if no debug info
Box2D.lib(b2Math.obj) : warning LNK4099: PDB 'Box2D.pdb' was not found with 'Box2D.lib(b2Math.obj)' or at 'E:\HitMeGameEngine\GameEngine\Debug\Box2D.pdb'; linking object as if no debug info
Box2D.lib(b2Settings.obj) : warning LNK4099: PDB 'Box2D.pdb' was not found with 'Box2D.lib(b2Settings.obj)' or at 'E:\HitMeGameEngine\GameEngine\Debug\Box2D.pdb'; linking object as if no debug info
Box2D.lib(b2StackAllocator.obj) : warning LNK4099: PDB 'Box2D.pdb' was not found with 'Box2D.lib(b2StackAllocator.obj)' or at 'E:\HitMeGameEngine\GameEngine\Debug\Box2D.pdb'; linking object as if no debug info
Box2D.lib(b2Timer.obj) : warning LNK4099: PDB 'Box2D.pdb' was not found with 'Box2D.lib(b2Timer.obj)' or at 'E:\HitMeGameEngine\GameEngine\Debug\Box2D.pdb'; linking object as if no debug info
Box2D.lib(b2ChainAndCircleContact.obj) : warning LNK4099: PDB 'Box2D.pdb' was not found with 'Box2D.lib(b2ChainAndCircleContact.obj)' or at 'E:\HitMeGameEngine\GameEngine\Debug\Box2D.pdb'; linking object as if no debug info
Box2D.lib(b2ChainAndPolygonContact.obj) : warning LNK4099: PDB 'Box2D.pdb' was not found with 'Box2D.lib(b2ChainAndPolygonContact.obj)' or at 'E:\HitMeGameEngine\GameEngine\Debug\Box2D.pdb'; linking object as if no debug info
Box2D.lib(b2CircleContact.obj) : warning LNK4099: PDB 'Box2D.pdb' was not found with 'Box2D.lib(b2CircleContact.obj)' or at 'E:\HitMeGameEngine\GameEngine\Debug\Box2D.pdb'; linking object as if no debug info
Box2D.lib(b2Contact.obj) : warning LNK4099: PDB 'Box2D.pdb' was not found with 'Box2D.lib(b2Contact.obj)' or at 'E:\HitMeGameEngine\GameEngine\Debug\Box2D.pdb'; linking object as if no debug info
Box2D.lib(b2ContactSolver.obj) : warning LNK4099: PDB 'Box2D.pdb' was not found with 'Box2D.lib(b2ContactSolver.obj)' or at 'E:\HitMeGameEngine\GameEngine\Debug\Box2D.pdb'; linking object as if no debug info
Box2D.lib(b2EdgeAndCircleContact.obj) : warning LNK4099: PDB 'Box2D.pdb' was not found with 'Box2D.lib(b2EdgeAndCircleContact.obj)' or at 'E:\HitMeGameEngine\GameEngine\Debug\Box2D.pdb'; linking object as if no debug info
Box2D.lib(b2EdgeAndPolygonContact.obj) : warning LNK4099: PDB 'Box2D.pdb' was not found with 'Box2D.lib(b2EdgeAndPolygonContact.obj)' or at 'E:\HitMeGameEngine\GameEngine\Debug\Box2D.pdb'; linking object as if no debug info
Box2D.lib(b2PolygonAndCircleContact.obj) : warning LNK4099: PDB 'Box2D.pdb' was not found with 'Box2D.lib(b2PolygonAndCircleContact.obj)' or at 'E:\HitMeGameEngine\GameEngine\Debug\Box2D.pdb'; linking object as if no debug info
Box2D.lib(b2PolygonContact.obj) : warning LNK4099: PDB 'Box2D.pdb' was not found with 'Box2D.lib(b2PolygonContact.obj)' or at 'E:\HitMeGameEngine\GameEngine\Debug\Box2D.pdb'; linking object as if no debug info
Box2D.lib(b2DistanceJoint.obj) : warning LNK4099: PDB 'Box2D.pdb' was not found with 'Box2D.lib(b2DistanceJoint.obj)' or at 'E:\HitMeGameEngine\GameEngine\Debug\Box2D.pdb'; linking object as if no debug info
Box2D.lib(b2FrictionJoint.obj) : warning LNK4099: PDB 'Box2D.pdb' was not found with 'Box2D.lib(b2FrictionJoint.obj)' or at 'E:\HitMeGameEngine\GameEngine\Debug\Box2D.pdb'; linking object as if no debug info
Box2D.lib(b2GearJoint.obj) : warning LNK4099: PDB 'Box2D.pdb' was not found with 'Box2D.lib(b2GearJoint.obj)' or at 'E:\HitMeGameEngine\GameEngine\Debug\Box2D.pdb'; linking object as if no debug info
Box2D.lib(b2Joint.obj) : warning LNK4099: PDB 'Box2D.pdb' was not found with 'Box2D.lib(b2Joint.obj)' or at 'E:\HitMeGameEngine\GameEngine\Debug\Box2D.pdb'; linking object as if no debug info
Box2D.lib(b2MotorJoint.obj) : warning LNK4099: PDB 'Box2D.pdb' was not found with 'Box2D.lib(b2MotorJoint.obj)' or at 'E:\HitMeGameEngine\GameEngine\Debug\Box2D.pdb'; linking object as if no debug info
Box2D.lib(b2MouseJoint.obj) : warning LNK4099: PDB 'Box2D.pdb' was not found with 'Box2D.lib(b2MouseJoint.obj)' or at 'E:\HitMeGameEngine\GameEngine\Debug\Box2D.pdb'; linking object as if no debug info
Box2D.lib(b2PrismaticJoint.obj) : warning LNK4099: PDB 'Box2D.pdb' was not found with 'Box2D.lib(b2PrismaticJoint.obj)' or at 'E:\HitMeGameEngine\GameEngine\Debug\Box2D.pdb'; linking object as if no debug info
Box2D.lib(b2PulleyJoint.obj) : warning LNK4099: PDB 'Box2D.pdb' was not found with 'Box2D.lib(b2PulleyJoint.obj)' or at 'E:\HitMeGameEngine\GameEngine\Debug\Box2D.pdb'; linking object as if no debug info
Box2D.lib(b2RevoluteJoint.obj) : warning LNK4099: PDB 'Box2D.pdb' was not found with 'Box2D.lib(b2RevoluteJoint.obj)' or at 'E:\HitMeGameEngine\GameEngine\Debug\Box2D.pdb'; linking object as if no debug info
Box2D.lib(b2RopeJoint.obj) : warning LNK4099: PDB 'Box2D.pdb' was not found with 'Box2D.lib(b2RopeJoint.obj)' or at 'E:\HitMeGameEngine\GameEngine\Debug\Box2D.pdb'; linking object as if no debug info
Box2D.lib(b2WeldJoint.obj) : warning LNK4099: PDB 'Box2D.pdb' was not found with 'Box2D.lib(b2WeldJoint.obj)' or at 'E:\HitMeGameEngine\GameEngine\Debug\Box2D.pdb'; linking object as if no debug info
Box2D.lib(b2WheelJoint.obj) : warning LNK4099: PDB 'Box2D.pdb' was not found with 'Box2D.lib(b2WheelJoint.obj)' or at 'E:\HitMeGameEngine\GameEngine\Debug\Box2D.pdb'; linking object as if no debug info
Box2D.lib(b2Body.obj) : warning LNK4099: PDB 'Box2D.pdb' was not found with 'Box2D.lib(b2Body.obj)' or at 'E:\HitMeGameEngine\GameEngine\Debug\Box2D.pdb'; linking object as if no debug info
Box2D.lib(b2ContactManager.obj) : warning LNK4099: PDB 'Box2D.pdb' was not found with 'Box2D.lib(b2ContactManager.obj)' or at 'E:\HitMeGameEngine\GameEngine\Debug\Box2D.pdb'; linking object as if no debug info
Box2D.lib(b2Fixture.obj) : warning LNK4099: PDB 'Box2D.pdb' was not found with 'Box2D.lib(b2Fixture.obj)' or at 'E:\HitMeGameEngine\GameEngine\Debug\Box2D.pdb'; linking object as if no debug info
Box2D.lib(b2Island.obj) : warning LNK4099: PDB 'Box2D.pdb' was not found with 'Box2D.lib(b2Island.obj)' or at 'E:\HitMeGameEngine\GameEngine\Debug\Box2D.pdb'; linking object as if no debug info
Box2D.lib(b2World.obj) : warning LNK4099: PDB 'Box2D.pdb' was not found with 'Box2D.lib(b2World.obj)' or at 'E:\HitMeGameEngine\GameEngine\Debug\Box2D.pdb'; linking object as if no debug info
Box2D.lib(b2WorldCallbacks.obj) : warning LNK4099: PDB 'Box2D.pdb' was not found with 'Box2D.lib(b2WorldCallbacks.obj)' or at 'E:\HitMeGameEngine\GameEngine\Debug\Box2D.pdb'; linking object as if no debug info
  GameEngine.vcxproj -> E:\HitMeGameEngine\GameEngine\Debug\GameEngine.exe
  GameEngine.vcxproj -> E:\HitMeGameEngine\GameEngine\Debug\GameEngine.pdb (Partial PDB)
