d:\gameengine\gameengine\debug\vc140.pdb
d:\gameengine\gameengine\debug\vc140.idb
d:\gameengine\gameengine\debug\component.obj
d:\gameengine\gameengine\debug\diamond.obj
d:\gameengine\gameengine\debug\gameobject.obj
d:\gameengine\gameengine\debug\gameoverstate.obj
d:\gameengine\gameengine\debug\gamestatemanager.obj
d:\gameengine\gameengine\debug\globaldeclarations.obj
d:\gameengine\gameengine\debug\groundobjects.obj
d:\gameengine\gameengine\debug\inputmanager.obj
d:\gameengine\gameengine\debug\introstate.obj
d:\gameengine\gameengine\debug\labelcomponent.obj
d:\gameengine\gameengine\debug\main.obj
d:\gameengine\gameengine\debug\menustate.obj
d:\gameengine\gameengine\debug\outdoor.obj
d:\gameengine\gameengine\debug\pacman.obj
d:\gameengine\gameengine\debug\physicscomponent.obj
d:\gameengine\gameengine\debug\player.obj
d:\gameengine\gameengine\debug\playstate.obj
d:\gameengine\gameengine\debug\spawnmanager.obj
d:\gameengine\gameengine\debug\spritecomponent.obj
d:\gameengine\gameengine\debug\texturemanager.obj
d:\gameengine\gameengine\debug\broadcaster.obj
d:\gameengine\gameengine\debug\bullet.obj
d:\gameengine\gameengine\debug\collisionlistener.obj
d:\gameengine\gameengine\debug\gameengine.ilk
d:\gameengine\gameengine\debug\gameengine.exe
d:\gameengine\gameengine\debug\gameengine.pdb
d:\gameengine\gameengine\debug\gameengine.tlog\cl.command.1.tlog
d:\gameengine\gameengine\debug\gameengine.tlog\cl.read.1.tlog
d:\gameengine\gameengine\debug\gameengine.tlog\cl.write.1.tlog
d:\gameengine\gameengine\debug\gameengine.tlog\link.command.1.tlog
d:\gameengine\gameengine\debug\gameengine.tlog\link.read.1.tlog
d:\gameengine\gameengine\debug\gameengine.tlog\link.write.1.tlog
