d:\trial projects\sdl_tutorial\sdl_tutorial\debug\vc140.pdb
d:\trial projects\sdl_tutorial\sdl_tutorial\debug\vc140.idb
d:\trial projects\sdl_tutorial\sdl_tutorial\debug\collisionlistener.obj
d:\trial projects\sdl_tutorial\sdl_tutorial\debug\component.obj
d:\trial projects\sdl_tutorial\sdl_tutorial\debug\gamemanager.obj
d:\trial projects\sdl_tutorial\sdl_tutorial\debug\gameobject.obj
d:\trial projects\sdl_tutorial\sdl_tutorial\debug\globaldeclarations.obj
d:\trial projects\sdl_tutorial\sdl_tutorial\debug\inputmanager.obj
d:\trial projects\sdl_tutorial\sdl_tutorial\debug\main.obj
d:\trial projects\sdl_tutorial\sdl_tutorial\debug\graphics.obj
d:\trial projects\sdl_tutorial\sdl_tutorial\debug\physicscomponent.obj
d:\trial projects\sdl_tutorial\sdl_tutorial\debug\spritecomponent.obj
d:\trial projects\sdl_tutorial\sdl_tutorial\debug\texturemanager.obj
d:\trial projects\sdl_tutorial\debug\sdl_tutorial.ilk
d:\trial projects\sdl_tutorial\debug\sdl_tutorial.exe
d:\trial projects\sdl_tutorial\debug\sdl_tutorial.pdb
d:\trial projects\sdl_tutorial\sdl_tutorial\debug\sdl_tutorial.tlog\cl.command.1.tlog
d:\trial projects\sdl_tutorial\sdl_tutorial\debug\sdl_tutorial.tlog\cl.read.1.tlog
d:\trial projects\sdl_tutorial\sdl_tutorial\debug\sdl_tutorial.tlog\cl.write.1.tlog
d:\trial projects\sdl_tutorial\sdl_tutorial\debug\sdl_tutorial.tlog\link.command.1.tlog
d:\trial projects\sdl_tutorial\sdl_tutorial\debug\sdl_tutorial.tlog\link.read.1.tlog
d:\trial projects\sdl_tutorial\sdl_tutorial\debug\sdl_tutorial.tlog\link.write.1.tlog
